SF:lib\detail\controller\detail_controller.dart
DA:17,0
DA:18,0
DA:21,0
DA:22,0
DA:25,0
DA:26,0
DA:31,2
DA:32,4
DA:33,4
DA:36,0
DA:37,0
DA:40,0
DA:41,0
DA:42,0
DA:44,0
DA:45,0
DA:46,0
DA:50,0
DA:51,0
DA:52,0
DA:53,0
DA:55,0
DA:56,0
DA:57,0
DA:58,0
DA:59,0
DA:65,0
DA:66,0
DA:68,0
LF:29
LH:3
end_of_record
SF:lib\movements\model\movement_model.dart
DA:13,1
LF:1
LH:1
end_of_record
SF:lib\portfolio\model\coin_view_data.dart
DA:11,6
LF:1
LH:1
end_of_record
SF:lib\portfolio\model\wallet_view_data.dart
DA:10,6
DA:14,12
DA:17,6
DA:18,24
DA:19,30
LF:5
LH:5
end_of_record
SF:lib\shared\api\models\coin\coin_result_image_response.dart
DA:7,6
DA:12,0
DA:13,0
DA:15,0
LF:4
LH:1
end_of_record
SF:lib\shared\api\models\coin\coin_result_image_response.g.dart
DA:9,0
DA:11,0
DA:12,0
DA:13,0
DA:14,0
DA:17,0
DA:19,0
DA:20,0
DA:21,0
DA:22,0
LF:10
LH:0
end_of_record
SF:lib\shared\api\models\coin\coin_result_market_data_current_price.dart
DA:6,6
DA:9,0
DA:11,0
DA:13,0
DA:14,0
LF:5
LH:1
end_of_record
SF:lib\shared\api\models\coin\coin_result_market_data_current_price.g.dart
DA:9,0
DA:11,0
DA:12,0
DA:15,0
DA:17,0
DA:18,0
LF:6
LH:0
end_of_record
SF:lib\shared\api\models\coin\coin_result_market_data_response.dart
DA:9,6
DA:14,0
DA:15,0
DA:17,0
LF:4
LH:1
end_of_record
SF:lib\shared\api\models\coin\coin_result_market_data_response.g.dart
DA:9,0
DA:11,0
DA:12,0
DA:13,0
DA:14,0
DA:17,0
DA:19,0
DA:20,0
DA:21,0
LF:9
LH:0
end_of_record
SF:lib\convert\controller\convert_controller.dart
DA:22,0
DA:23,0
DA:24,0
DA:25,0
DA:26,0
DA:28,0
DA:29,0
DA:30,0
DA:33,0
DA:34,0
DA:35,0
DA:38,0
DA:39,0
DA:40,0
DA:41,0
DA:44,0
DA:45,0
DA:46,0
DA:48,0
DA:51,0
DA:52,0
DA:53,0
DA:54,0
DA:55,0
DA:57,0
DA:60,0
DA:61,0
DA:62,0
DA:63,0
DA:64,0
DA:66,0
DA:69,0
DA:70,0
DA:71,0
DA:72,0
DA:73,0
DA:75,0
DA:76,0
DA:80,0
DA:81,0
DA:82,0
DA:84,0
DA:86,0
DA:89,0
DA:90,0
DA:93,0
DA:94,0
DA:95,0
DA:96,0
DA:99,0
DA:100,0
DA:101,0
DA:103,0
DA:106,0
DA:107,0
DA:108,0
DA:110,0
DA:113,0
DA:114,0
DA:115,0
DA:117,0
DA:118,0
DA:121,0
DA:122,0
DA:124,0
DA:125,0
DA:128,0
DA:129,0
LF:68
LH:0
end_of_record
SF:lib\convert\provider\convert_provider.dart
DA:6,0
DA:7,0
DA:9,12
DA:10,6
LF:4
LH:2
end_of_record
SF:lib\core\app_routes.dart
DA:9,18
DA:10,0
DA:11,0
DA:12,0
DA:13,0
DA:14,0
DA:15,0
LF:7
LH:1
end_of_record
SF:lib\movements\controller\movement_controler.dart
DA:11,0
DA:15,0
DA:17,0
DA:18,0
DA:19,0
DA:20,0
DA:21,0
DA:22,0
DA:23,0
DA:24,0
LF:10
LH:0
end_of_record
SF:lib\movements\provider\movement_provider.dart
DA:6,12
DA:7,6
LF:2
LH:2
end_of_record
SF:lib\movements\repository\movement_repository.dart
DA:6,0
DA:8,0
DA:9,0
LF:3
LH:0
end_of_record
SF:lib\portfolio\controller\wallet_controller.dart
DA:7,2
DA:10,1
DA:11,1
DA:12,1
DA:13,0
LF:5
LH:4
end_of_record
SF:lib\portfolio\provider\wallet_provider.dart
DA:8,3
DA:9,1
DA:11,0
DA:12,0
DA:15,12
DA:16,6
DA:18,0
DA:19,0
DA:22,0
DA:23,0
DA:24,0
LF:11
LH:4
end_of_record
SF:lib\movements\wigdet\movement_item.dart
DA:12,1
DA:19,1
DA:21,2
DA:23,1
DA:24,0
DA:25,0
DA:27,0
DA:30,0
DA:31,0
DA:35,1
DA:45,2
DA:46,1
DA:47,3
DA:48,1
DA:51,1
DA:52,1
DA:55,1
DA:56,1
DA:58,1
DA:60,2
DA:61,1
DA:65,2
DA:68,1
DA:70,1
DA:71,2
DA:72,1
DA:76,2
DA:82,1
DA:85,1
DA:86,3
DA:87,3
LF:31
LH:26
end_of_record
SF:lib\movements\wigdet\movements_list.dart
DA:7,1
DA:14,1
DA:16,1
DA:17,2
DA:18,1
DA:19,3
LF:6
LH:6
end_of_record
SF:lib\convert\view\convert_page.dart
DA:8,6
DA:11,0
DA:13,0
DA:14,0
DA:18,0
DA:19,0
LF:6
LH:1
end_of_record
SF:lib\convert\widgets\body_convert.dart
DA:17,6
DA:21,0
DA:22,0
DA:29,0
DA:32,0
DA:34,0
DA:36,0
DA:37,0
DA:39,0
DA:40,0
DA:42,0
DA:43,0
DA:44,0
DA:45,0
DA:46,0
DA:47,0
DA:49,0
DA:50,0
DA:51,0
DA:52,0
DA:54,0
DA:55,0
DA:56,0
DA:58,0
DA:59,0
DA:68,0
DA:70,0
DA:71,0
DA:72,0
DA:77,0
DA:78,0
DA:80,0
DA:81,0
DA:90,0
DA:91,0
DA:92,0
DA:93,0
DA:94,0
DA:95,0
DA:99,0
DA:100,0
DA:103,0
DA:104,0
DA:105,0
DA:106,0
DA:108,0
DA:114,0
DA:115,0
LF:48
LH:1
end_of_record
SF:lib\shared\widget\text_page_header.dart
DA:7,1
DA:11,1
DA:13,1
DA:15,1
DA:16,1
DA:17,1
DA:20,1
LF:7
LH:7
end_of_record
SF:lib\convert\widgets\total_convert.dart
DA:10,6
DA:14,0
DA:16,0
DA:17,0
DA:18,0
DA:19,0
DA:20,0
DA:21,0
DA:30,0
DA:32,0
DA:33,0
DA:36,0
DA:37,0
DA:39,0
DA:40,0
DA:47,0
DA:48,0
DA:49,0
DA:50,0
DA:54,0
DA:56,0
DA:59,0
DA:60,0
DA:61,0
LF:24
LH:1
end_of_record
SF:lib\shared\utils\util.dart
DA:7,1
DA:10,1
DA:13,2
DA:14,4
DA:17,2
DA:18,6
DA:20,2
DA:21,2
DA:22,2
DA:23,4
DA:25,2
DA:26,2
DA:29,2
DA:30,10
DA:33,0
DA:35,0
DA:36,0
DA:38,0
DA:41,1
DA:42,5
DA:45,1
DA:46,5
LF:22
LH:18
end_of_record
SF:lib\convert\widgets\convert_coin_container.dart
DA:9,6
DA:13,0
DA:15,0
DA:16,0
DA:17,0
DA:18,0
DA:19,0
DA:22,0
DA:24,0
DA:29,0
DA:30,0
DA:31,0
DA:32,0
DA:33,0
DA:34,0
DA:35,0
DA:39,0
DA:41,0
DA:42,0
DA:45,0
DA:46,0
DA:49,0
DA:50,0
DA:51,0
DA:52,0
DA:53,0
DA:54,0
DA:55,0
DA:56,0
DA:57,0
DA:59,0
DA:60,0
LF:32
LH:1
end_of_record
SF:lib\convert\widgets\current_coin_container.dart
DA:6,1
DA:13,1
DA:15,2
DA:16,1
DA:17,1
DA:18,4
DA:19,2
DA:20,1
DA:22,1
DA:26,1
DA:28,2
DA:29,1
DA:32,1
DA:33,1
DA:34,3
DA:35,2
DA:36,2
DA:37,1
DA:38,5
DA:40,1
DA:41,2
LF:21
LH:21
end_of_record
SF:lib\convert\widgets\user_coin_balance.dart
DA:11,0
DA:18,0
DA:20,0
DA:21,0
DA:22,0
DA:23,0
DA:24,0
DA:27,0
DA:28,0
DA:29,0
DA:31,0
DA:32,0
DA:33,0
DA:34,0
DA:36,0
DA:39,0
DA:40,0
DA:42,0
DA:44,0
DA:45,0
LF:20
LH:0
end_of_record
SF:lib\convert\widgets\bottom_coin_list.dart
DA:8,6
DA:11,0
DA:12,0
DA:19,0
DA:21,0
DA:24,0
DA:26,0
DA:27,0
DA:29,0
DA:31,0
DA:42,0
DA:43,0
DA:45,0
DA:46,0
DA:47,0
DA:48,0
DA:49,0
DA:50,0
DA:53,0
DA:54,0
DA:57,0
DA:58,0
DA:59,0
DA:60,0
DA:62,0
DA:65,0
DA:69,0
DA:75,0
DA:83,0
DA:84,0
DA:85,0
DA:86,0
DA:87,0
DA:88,0
DA:89,0
DA:90,0
DA:91,0
DA:94,0
DA:95,0
DA:109,0
DA:110,0
DA:111,0
DA:112,0
DA:113,0
DA:115,0
DA:116,0
DA:118,0
DA:121,0
DA:127,0
DA:128,0
DA:129,0
DA:130,0
DA:133,0
DA:134,0
DA:135,0
DA:137,0
DA:138,0
DA:140,0
DA:141,0
DA:142,0
DA:151,0
DA:152,0
DA:153,0
DA:154,0
DA:155,0
DA:156,0
DA:157,0
DA:158,0
DA:159,0
DA:160,0
DA:162,0
DA:163,0
DA:167,0
DA:168,0
DA:171,0
DA:172,0
DA:173,0
DA:184,0
DA:185,0
DA:186,0
DA:189,0
LF:81
LH:1
end_of_record
SF:lib\review\view\review_page.dart
DA:7,6
DA:10,0
DA:12,0
DA:13,0
DA:17,0
DA:18,0
LF:6
LH:1
end_of_record
SF:lib\detail\view\detail_page.dart
DA:8,6
DA:11,0
DA:13,0
DA:14,0
DA:18,0
DA:19,0
DA:22,0
DA:23,0
LF:8
LH:1
end_of_record
SF:lib\movements\view\movements_page.dart
DA:9,6
DA:11,0
LF:2
LH:1
end_of_record
SF:lib\portfolio\view\portfolio_page.dart
DA:7,6
DA:11,0
LF:2
LH:1
end_of_record
SF:lib\sucess\view\success_page.dart
DA:5,7
DA:9,1
DA:11,1
DA:12,1
DA:13,1
DA:15,0
DA:16,0
LF:7
LH:5
end_of_record
SF:lib\shared\api\models\coin_prices\coin_price_response.dart
DA:5,0
DA:9,0
DA:10,0
DA:12,0
LF:4
LH:0
end_of_record
SF:lib\shared\api\models\coin_prices\coin_price_response.g.dart
DA:9,0
DA:10,0
DA:14,0
DA:15,0
DA:16,0
LF:5
LH:0
end_of_record
SF:lib\detail\mapper\coin_price_mapper.dart
DA:5,0
DA:6,0
LF:2
LH:0
end_of_record
SF:lib\shared\api\models\coin_prices\get_coin_price_response.dart
DA:8,0
DA:12,0
DA:13,0
DA:15,0
LF:4
LH:0
end_of_record
SF:lib\shared\api\models\coin_prices\get_coin_price_response.g.dart
DA:9,0
DA:11,0
DA:12,0
DA:13,0
DA:14,0
DA:17,0
DA:19,0
DA:20,0
LF:8
LH:0
end_of_record
SF:lib\detail\provider\detail_provider.dart
DA:8,6
DA:9,4
DA:12,0
DA:13,0
DA:16,0
DA:17,0
DA:18,0
DA:21,0
DA:22,0
DA:23,0
LF:10
LH:2
end_of_record
SF:lib\shared\repository\coin_prices_repository_provider.dart
DA:6,0
DA:7,0
LF:2
LH:0
end_of_record
SF:lib\detail\usecase\get_coin_prices_use_case.dart
DA:8,0
DA:11,0
DA:13,0
DA:14,0
DA:15,0
DA:16,0
DA:17,0
DA:18,0
DA:19,0
DA:20,0
LF:10
LH:0
end_of_record
SF:lib\shared\repository\coin_prices_repository.dart
DA:7,0
DA:11,0
DA:14,0
DA:15,0
LF:4
LH:0
end_of_record
SF:lib\detail\widgets\body_detail.dart
DA:16,0
DA:19,0
DA:22,0
DA:23,0
DA:27,0
DA:29,0
DA:30,0
DA:31,0
DA:32,0
DA:33,0
DA:35,0
DA:36,0
DA:37,0
DA:39,0
DA:40,0
DA:41,0
DA:42,0
DA:44,0
DA:45,0
DA:46,0
DA:47,0
DA:48,0
DA:53,0
DA:54,0
DA:55,0
DA:58,0
DA:61,0
DA:65,0
DA:66,0
DA:67,0
LF:30
LH:0
end_of_record
SF:lib\detail\widgets\detail_chart.dart
DA:10,0
DA:13,0
DA:15,0
DA:17,0
DA:18,0
DA:19,0
DA:20,0
DA:21,0
DA:23,0
LF:9
LH:0
end_of_record
SF:lib\detail\widgets\detail_description.dart
DA:19,1
DA:25,1
DA:27,1
DA:29,1
DA:30,1
DA:31,2
DA:32,1
DA:33,3
DA:34,6
DA:36,1
DA:37,2
DA:39,7
DA:41,1
DA:42,2
DA:43,6
DA:45,1
DA:46,2
DA:47,1
DA:48,2
DA:49,5
DA:51,1
DA:52,1
DA:53,2
LF:23
LH:23
end_of_record
SF:lib\detail\widgets\detail_header.dart
DA:10,1
DA:13,1
DA:17,1
DA:19,2
DA:20,1
DA:21,3
DA:22,1
DA:25,1
DA:26,1
DA:27,4
DA:28,3
DA:30,4
DA:31,1
DA:32,1
DA:33,6
LF:15
LH:15
end_of_record
SF:lib\detail\widgets\loading_details.dart
DA:5,6
DA:9,0
DA:11,0
DA:12,0
DA:14,0
DA:15,0
DA:16,0
DA:17,0
DA:18,0
DA:21,0
DA:22,0
DA:25,0
DA:28,0
DA:29,0
DA:30,0
DA:32,0
DA:33,0
DA:34,0
DA:36,0
DA:37,0
DA:38,0
DA:39,0
DA:40,0
DA:41,0
DA:42,0
DA:45,0
DA:46,0
DA:47,0
DA:48,0
DA:50,0
DA:52,0
DA:53,0
DA:54,0
DA:55,0
DA:58,0
DA:60,0
DA:61,0
DA:64,0
DA:65,0
DA:66,0
DA:67,0
DA:70,0
DA:73,0
DA:74,0
DA:75,0
DA:76,0
DA:79,0
DA:82,0
DA:83,0
DA:84,0
DA:85,0
DA:88,0
DA:91,0
DA:92,0
DA:93,0
DA:94,0
DA:97,0
DA:100,0
DA:101,0
DA:102,0
DA:103,0
DA:112,0
DA:113,0
DA:114,0
DA:124,0
DA:125,0
DA:126,0
DA:127,0
DA:128,0
DA:129,0
DA:130,0
DA:132,0
DA:133,0
DA:135,0
DA:137,0
DA:138,0
DA:139,0
DA:140,0
DA:147,0
DA:148,0
DA:149,0
DA:156,0
DA:157,0
DA:158,0
DA:164,0
DA:165,0
DA:166,0
DA:182,0
DA:183,0
DA:184,0
LF:90
LH:1
end_of_record
SF:lib\detail\widgets\coin_chart.dart
DA:8,6
DA:10,0
DA:12,0
DA:14,0
DA:15,0
DA:16,0
DA:17,0
DA:18,0
DA:27,0
DA:28,0
DA:29,0
DA:30,0
DA:31,0
DA:32,0
DA:33,0
DA:34,0
DA:35,0
DA:36,0
DA:39,0
DA:40,0
DA:41,0
DA:43,0
LF:22
LH:1
end_of_record
SF:lib\detail\widgets\coin_price.dart
DA:8,1
DA:11,1
DA:15,1
DA:17,2
DA:19,1
DA:21,1
DA:23,1
DA:24,5
DA:25,1
DA:28,2
LF:10
LH:10
end_of_record
SF:lib\detail\widgets\coin_ticker.dart
DA:4,1
DA:7,1
DA:11,1
DA:13,2
DA:14,2
DA:15,1
DA:18,2
LF:7
LH:7
end_of_record
SF:lib\detail\widgets\coin_title_detail.dart
DA:4,1
DA:8,1
DA:13,1
DA:15,2
DA:16,1
DA:18,1
DA:19,2
DA:20,1
DA:23,2
DA:25,1
DA:26,2
DA:27,2
DA:28,1
DA:30,3
LF:14
LH:14
end_of_record
SF:lib\detail\widgets\convert_button.dart
DA:14,2
DA:18,2
DA:20,2
DA:22,4
DA:23,4
DA:24,2
DA:25,6
DA:26,2
DA:29,2
DA:31,4
DA:32,0
DA:33,0
DA:34,0
DA:36,2
DA:37,2
DA:39,2
DA:40,4
DA:41,2
DA:44,4
LF:19
LH:16
end_of_record
SF:lib\detail\widgets\currency_variation_value.dart
DA:7,2
DA:11,2
DA:15,2
DA:17,4
DA:18,2
DA:27,6
DA:28,4
DA:29,2
DA:30,6
DA:31,2
DA:34,2
DA:35,2
DA:36,2
DA:37,2
DA:40,4
DA:43,2
DA:45,2
DA:46,2
DA:48,4
DA:49,4
LF:20
LH:20
end_of_record
SF:lib\detail\widgets\period_button.dart
DA:8,7
DA:11,0
DA:15,1
DA:17,2
DA:18,2
DA:19,1
DA:21,1
DA:22,2
DA:23,2
DA:24,1
DA:26,3
DA:27,3
DA:30,1
DA:31,1
DA:33,0
DA:34,0
DA:37,1
DA:38,2
DA:39,1
DA:40,2
LF:20
LH:17
end_of_record
SF:lib\detail\widgets\detail_coin_value.dart
DA:5,1
DA:9,1
DA:13,1
DA:15,2
DA:16,1
DA:25,3
DA:26,2
DA:27,1
DA:28,3
DA:29,1
DA:32,1
DA:33,1
DA:34,1
DA:35,1
DA:38,2
DA:41,1
DA:43,1
DA:44,1
DA:47,2
LF:19
LH:19
end_of_record
SF:lib\movements\wigdet\movements_body.dart
DA:12,6
DA:16,0
DA:18,0
DA:19,0
DA:20,0
DA:21,0
DA:23,0
DA:24,0
DA:26,0
DA:27,0
DA:28,0
DA:29,0
DA:30,0
DA:31,0
DA:33,0
DA:34,0
DA:35,0
DA:37,0
LF:18
LH:1
end_of_record
SF:lib\shared\widget\navigation_bar\bottom_nav_bar.dart
DA:13,13
DA:18,1
DA:20,2
DA:21,1
DA:22,2
DA:32,1
DA:34,1
DA:35,1
DA:36,1
DA:37,1
DA:39,2
DA:40,1
DA:41,1
DA:42,1
DA:44,2
LF:15
LH:15
end_of_record
SF:lib\movements\wigdet\description_bottom_sheet.dart
DA:12,0
DA:19,0
DA:21,0
DA:22,0
DA:23,0
DA:34,0
DA:35,0
DA:36,0
DA:37,0
DA:46,0
DA:47,0
DA:49,0
DA:50,0
DA:52,0
DA:53,0
DA:54,0
DA:56,0
DA:59,0
DA:61,0
DA:62,0
DA:63,0
DA:65,0
DA:71,0
LF:23
LH:0
end_of_record
SF:lib\movements\wigdet\description_text.dart
DA:6,0
DA:9,0
DA:11,0
DA:13,0
LF:4
LH:0
end_of_record
SF:lib\movements\wigdet\out_coin_description.dart
DA:10,0
DA:17,0
DA:19,0
DA:20,0
DA:29,0
DA:31,0
DA:33,0
DA:34,0
DA:35,0
DA:39,0
DA:40,0
DA:41,0
DA:42,0
DA:43,0
DA:44,0
DA:45,0
DA:46,0
DA:48,0
DA:50,0
DA:51,0
DA:52,0
DA:54,0
DA:59,0
DA:61,0
DA:63,0
DA:64,0
DA:67,0
DA:68,0
DA:69,0
DA:70,0
DA:71,0
DA:72,0
DA:73,0
DA:76,0
DA:79,0
DA:80,0
DA:81,0
DA:82,0
DA:83,0
DA:85,0
DA:86,0
DA:88,0
DA:89,0
DA:90,0
DA:92,0
LF:45
LH:0
end_of_record
SF:lib\movements\wigdet\values_text.dart
DA:5,0
DA:11,0
DA:13,0
DA:14,0
LF:4
LH:0
end_of_record
SF:lib\movements\wigdet\entry_coint_description.dart
DA:11,0
DA:18,0
DA:20,0
DA:21,0
DA:25,0
DA:27,0
DA:29,0
DA:30,0
DA:31,0
DA:35,0
DA:36,0
DA:37,0
DA:38,0
DA:39,0
DA:40,0
DA:41,0
DA:42,0
DA:44,0
DA:46,0
DA:47,0
DA:48,0
DA:50,0
DA:55,0
DA:57,0
DA:59,0
DA:60,0
DA:63,0
DA:64,0
DA:65,0
DA:66,0
DA:67,0
DA:68,0
DA:69,0
DA:72,0
DA:75,0
DA:76,0
DA:77,0
DA:78,0
DA:79,0
DA:81,0
DA:82,0
DA:84,0
DA:85,0
DA:86,0
DA:88,0
LF:45
LH:0
end_of_record
SF:lib\movements\wigdet\dolar_value.dart
DA:6,1
DA:9,1
DA:11,1
DA:13,2
DA:14,1
DA:16,1
DA:17,1
DA:20,2
LF:8
LH:8
end_of_record
SF:lib\movements\wigdet\entry_value.dart
DA:5,1
DA:8,1
DA:12,1
DA:14,2
DA:15,1
DA:17,1
DA:18,1
DA:21,2
LF:8
LH:8
end_of_record
SF:lib\movements\wigdet\movements_empty_body.dart
DA:5,6
DA:9,0
DA:11,0
DA:12,0
DA:13,0
DA:16,0
DA:17,0
DA:20,0
DA:22,0
DA:23,0
DA:24,0
DA:25,0
DA:26,0
DA:29,0
LF:14
LH:1
end_of_record
SF:lib\portfolio\mapper\coin_mapper.dart
DA:5,0
DA:6,0
DA:7,0
DA:8,0
DA:9,0
DA:10,0
DA:11,0
DA:12,0
DA:13,0
LF:9
LH:0
end_of_record
SF:lib\shared\api\models\coin\get_all_coins_response.dart
DA:8,0
DA:12,0
DA:13,0
DA:15,0
LF:4
LH:0
end_of_record
SF:lib\shared\api\models\coin\get_all_coins_response.g.dart
DA:9,0
DA:10,0
DA:11,0
DA:12,0
DA:13,0
DA:16,0
DA:18,0
DA:19,0
LF:8
LH:0
end_of_record
SF:lib\portfolio\usecase\get_all_coin_use_case.dart
DA:7,0
DA:10,0
DA:11,0
DA:13,0
LF:4
LH:0
end_of_record
SF:lib\shared\repository\coin_repository_provider.dart
DA:6,0
DA:7,0
LF:2
LH:0
end_of_record
SF:lib\portfolio\repository\wallet_repository.dart
DA:8,0
DA:11,0
DA:12,0
DA:14,0
DA:15,0
DA:16,0
DA:17,0
DA:20,0
DA:21,0
DA:22,0
DA:24,0
DA:25,0
DA:26,0
DA:28,0
DA:29,0
DA:30,0
DA:32,0
DA:33,0
DA:34,0
DA:36,0
DA:37,0
DA:38,0
LF:22
LH:0
end_of_record
SF:lib\shared\repository\coin_repository.dart
DA:8,0
DA:10,0
DA:11,0
DA:12,0
LF:4
LH:0
end_of_record
SF:lib\portfolio\widgets\portfolio_body.dart
DA:12,6
DA:14,0
DA:16,0
DA:18,0
DA:19,0
DA:20,0
DA:21,0
DA:22,0
DA:23,0
DA:24,0
DA:25,0
DA:27,0
DA:30,0
DA:39,0
LF:14
LH:1
end_of_record
SF:lib\portfolio\widgets\coin_balance.dart
DA:12,1
DA:15,1
DA:19,1
DA:21,2
DA:22,3
DA:23,1
DA:25,1
DA:26,1
DA:27,2
DA:29,2
DA:30,2
DA:31,1
DA:32,1
DA:33,1
DA:35,1
DA:36,4
LF:16
LH:16
end_of_record
SF:lib\portfolio\widgets\coin_balance_detail.dart
DA:8,1
DA:11,1
DA:15,1
DA:17,1
DA:19,1
DA:21,1
DA:22,1
DA:24,1
DA:25,4
DA:30,2
DA:33,1
DA:35,1
DA:36,1
DA:37,3
DA:43,2
LF:15
LH:15
end_of_record
SF:lib\portfolio\widgets\coin_percentage.dart
DA:11,1
DA:14,1
DA:16,1
DA:18,2
DA:19,3
DA:21,1
DA:23,1
DA:24,1
DA:25,2
DA:28,2
DA:29,2
DA:30,1
DA:31,1
DA:32,1
DA:34,6
LF:15
LH:15
end_of_record
SF:lib\portfolio\widgets\coin_image.dart
DA:4,1
DA:7,1
DA:11,1
DA:13,2
DA:14,1
DA:16,1
DA:17,1
DA:18,2
DA:20,4
LF:9
LH:9
end_of_record
SF:lib\portfolio\widgets\coin_item.dart
DA:13,1
DA:17,1
DA:19,2
DA:20,2
DA:22,2
DA:23,1
DA:24,0
DA:25,0
DA:26,0
DA:27,0
DA:29,0
DA:31,1
DA:32,2
DA:42,1
DA:43,1
DA:44,4
DA:45,2
DA:46,5
DA:47,2
DA:48,1
DA:49,1
DA:50,4
LF:22
LH:17
end_of_record
SF:lib\portfolio\widgets\coin_list.dart
DA:8,7
DA:10,0
DA:12,1
DA:14,2
DA:15,1
DA:21,0
DA:22,0
DA:24,1
DA:25,2
DA:26,0
DA:27,0
DA:28,0
LF:12
LH:6
end_of_record
SF:lib\portfolio\widgets\coin_title.dart
DA:9,7
DA:11,0
DA:13,1
DA:15,2
DA:16,3
DA:17,1
DA:19,1
DA:21,1
DA:22,3
DA:23,1
DA:26,2
DA:27,1
DA:28,1
DA:29,2
DA:31,1
DA:32,2
DA:33,2
LF:17
LH:16
end_of_record
SF:lib\portfolio\widgets\loading_wallet.dart
DA:11,6
DA:15,0
DA:17,0
DA:19,0
DA:20,0
DA:21,0
DA:22,0
DA:23,0
DA:24,0
DA:25,0
DA:26,0
DA:27,0
DA:28,0
DA:29,0
DA:30,0
DA:31,0
DA:32,0
DA:34,0
DA:37,0
DA:38,0
DA:40,0
DA:41,0
DA:42,0
DA:45,0
DA:46,0
DA:47,0
DA:48,0
DA:49,0
DA:50,0
DA:54,0
DA:55,0
DA:56,0
DA:57,0
DA:59,0
DA:60,0
DA:61,0
DA:63,0
DA:64,0
DA:66,0
DA:67,0
DA:70,0
DA:72,0
DA:74,0
DA:75,0
DA:76,0
DA:79,0
DA:80,0
DA:86,0
DA:87,0
DA:88,0
DA:89,0
DA:99,0
DA:100,0
DA:101,0
DA:102,0
DA:103,0
DA:104,0
DA:105,0
DA:107,0
DA:108,0
DA:109,0
DA:111,0
DA:113,0
DA:115,0
DA:116,0
DA:117,0
DA:118,0
DA:119,0
DA:128,0
DA:129,0
DA:130,0
DA:131,0
DA:140,0
DA:141,0
DA:142,0
LF:75
LH:1
end_of_record
SF:lib\portfolio\widgets\success_loading_body.dart
DA:6,7
DA:10,1
DA:12,1
LF:3
LH:3
end_of_record
SF:lib\portfolio\widgets\wallet_header.dart
DA:8,6
DA:10,0
DA:12,1
DA:14,2
DA:16,1
DA:17,1
DA:18,2
DA:19,2
DA:20,2
DA:21,2
DA:23,1
DA:26,1
DA:29,1
DA:30,2
LF:14
LH:13
end_of_record
SF:lib\portfolio\widgets\wallet_balance.dart
DA:11,6
DA:13,0
DA:15,1
DA:17,2
DA:18,3
DA:19,2
DA:20,1
DA:21,1
DA:22,1
DA:23,2
DA:25,2
DA:26,2
DA:27,1
DA:28,1
DA:29,1
DA:30,1
DA:31,3
DA:32,1
DA:35,2
LF:19
LH:18
end_of_record
SF:lib\review\widget\review_body.dart
DA:15,6
DA:18,0
DA:19,0
DA:24,0
DA:27,0
DA:28,0
DA:29,0
DA:31,0
DA:32,0
DA:33,0
DA:34,0
DA:37,0
DA:38,0
DA:39,0
DA:40,0
DA:45,0
DA:46,0
DA:48,0
DA:49,0
DA:50,0
DA:51,0
DA:52,0
DA:53,0
DA:54,0
DA:56,0
DA:57,0
DA:58,0
DA:59,0
DA:60,0
DA:61,0
DA:63,0
DA:64,0
DA:65,0
DA:67,0
DA:68,0
DA:69,0
DA:71,0
DA:72,0
DA:73,0
DA:78,0
DA:80,0
DA:83,0
DA:84,0
DA:85,0
DA:86,0
DA:89,0
LF:46
LH:1
end_of_record
SF:lib\shared\api\coin_list_endpoint_provider.dart
DA:6,0
DA:7,0
DA:8,0
LF:3
LH:0
end_of_record
SF:lib\shared\api\coin_prices_endpoint.dart
DA:5,0
DA:8,0
DA:10,0
DA:17,0
DA:18,0
LF:5
LH:0
end_of_record
SF:lib\shared\api\models\coin\coin_result_response.dart
DA:13,0
DA:21,0
DA:22,0
DA:24,0
LF:4
LH:0
end_of_record
SF:lib\shared\api\models\coin\coin_result_response.g.dart
DA:9,0
DA:10,0
DA:11,0
DA:12,0
DA:13,0
DA:14,0
DA:15,0
DA:16,0
DA:19,0
DA:20,0
DA:21,0
DA:22,0
DA:23,0
DA:24,0
DA:25,0
LF:15
LH:0
end_of_record
SF:lib\shared\utils\assets.dart
DA:22,5
DA:23,5
LF:2
LH:2
end_of_record
SF:lib\shared\widget\navigation_bar\bottom_nav_button.dart
DA:9,1
DA:15,1
DA:22,1
DA:24,1
DA:25,3
DA:26,1
DA:28,0
DA:32,2
DA:33,1
DA:34,1
DA:35,1
DA:36,2
DA:37,0
DA:38,0
DA:42,1
DA:44,1
DA:45,1
DA:46,2
DA:47,4
DA:50,1
DA:51,1
DA:52,3
LF:22
LH:19
end_of_record
SF:lib\sucess\widget\success_body.dart
DA:7,7
DA:11,1
DA:13,1
DA:15,1
DA:25,1
DA:26,2
DA:29,1
DA:30,2
LF:8
LH:8
end_of_record
